TN:
SF:socket\events\webrtc.events.js
FN:2,setupWebRTCEvents
FN:4,(anonymous_1)
FN:11,(anonymous_2)
FN:18,(anonymous_3)
FN:26,(anonymous_4)
FN:68,(anonymous_5)
FNF:6
FNH:6
FNDA:10,setupWebRTCEvents
FNDA:2,(anonymous_1)
FNDA:2,(anonymous_2)
FNDA:2,(anonymous_3)
FNDA:4,(anonymous_4)
FNDA:2,(anonymous_5)
DA:2,2
DA:4,10
DA:5,2
DA:11,10
DA:12,2
DA:18,10
DA:19,2
DA:26,10
DA:28,4
DA:29,4
DA:36,4
DA:37,4
DA:38,4
DA:39,4
DA:40,4
DA:42,4
DA:44,2
DA:46,2
DA:50,2
DA:53,2
DA:55,2
DA:60,2
DA:68,10
DA:70,2
DA:71,2
DA:72,2
DA:73,2
DA:74,2
DA:75,2
LF:29
LH:29
BRDA:28,0,0,4
BRDA:28,0,1,0
BRDA:36,1,0,4
BRDA:36,1,1,0
BRDA:36,2,0,4
BRDA:36,2,1,2
BRDA:38,3,0,4
BRDA:38,3,1,0
BRDA:40,4,0,4
BRDA:40,4,1,0
BRDA:42,5,0,2
BRDA:42,5,1,2
BRDA:70,6,0,2
BRDA:70,6,1,0
BRDA:70,7,0,2
BRDA:70,7,1,0
BRDA:72,8,0,2
BRDA:72,8,1,0
BRDA:74,9,0,2
BRDA:74,9,1,0
BRF:20
BRH:12
end_of_record
